[2025-12-03T03:16:37.695+0000] {taskinstance.py:1956} INFO - Dependencies all met for dep_context=non-requeueable deps ti=<TaskInstance: seed_sitemusica_v2.seed_relacoes manual__2025-12-03T02:41:38.415164+00:00 [queued]>
[2025-12-03T03:16:37.713+0000] {taskinstance.py:1956} INFO - Dependencies all met for dep_context=requeueable deps ti=<TaskInstance: seed_sitemusica_v2.seed_relacoes manual__2025-12-03T02:41:38.415164+00:00 [queued]>
[2025-12-03T03:16:37.714+0000] {taskinstance.py:2170} INFO - Starting attempt 1 of 2
[2025-12-03T03:16:37.740+0000] {taskinstance.py:2191} INFO - Executing <Task(PythonOperator): seed_relacoes> on 2025-12-03 02:41:38.415164+00:00
[2025-12-03T03:16:37.750+0000] {standard_task_runner.py:60} INFO - Started process 82 to run task
[2025-12-03T03:16:37.755+0000] {standard_task_runner.py:87} INFO - Running: ['airflow', 'tasks', 'run', 'seed_sitemusica_v2', 'seed_relacoes', 'manual__2025-12-03T02:41:38.415164+00:00', '--job-id', '54', '--raw', '--subdir', 'DAGS_FOLDER/seed_sitemusica.py', '--cfg-path', '/tmp/tmp3cdmvy_w']
[2025-12-03T03:16:37.757+0000] {standard_task_runner.py:88} INFO - Job 54: Subtask seed_relacoes
[2025-12-03T03:16:37.858+0000] {task_command.py:423} INFO - Running <TaskInstance: seed_sitemusica_v2.seed_relacoes manual__2025-12-03T02:41:38.415164+00:00 [running]> on host 4e6f56080238
[2025-12-03T03:16:38.051+0000] {taskinstance.py:2480} INFO - Exporting env vars: AIRFLOW_CTX_DAG_OWNER='Gabriel' AIRFLOW_CTX_DAG_ID='seed_sitemusica_v2' AIRFLOW_CTX_TASK_ID='seed_relacoes' AIRFLOW_CTX_EXECUTION_DATE='2025-12-03T02:41:38.415164+00:00' AIRFLOW_CTX_TRY_NUMBER='1' AIRFLOW_CTX_DAG_RUN_ID='manual__2025-12-03T02:41:38.415164+00:00'
[2025-12-03T03:16:38.053+0000] {logging_mixin.py:188} INFO - 🔌 seed_relacoes: Conectando ao banco MySQL...
[2025-12-03T03:16:38.141+0000] {logging_mixin.py:188} INFO -   → Relações inseridas: 500
[2025-12-03T03:16:38.169+0000] {logging_mixin.py:188} INFO -   → Relações inseridas: 1000
[2025-12-03T03:16:38.234+0000] {logging_mixin.py:188} INFO -   → Relações inseridas: 1500
[2025-12-03T03:16:38.271+0000] {logging_mixin.py:188} INFO -   → Relações inseridas: 2000
[2025-12-03T03:16:38.326+0000] {logging_mixin.py:188} INFO -   → Relações inseridas: 2500
[2025-12-03T03:16:38.396+0000] {logging_mixin.py:188} INFO -   → Relações inseridas: 3000
[2025-12-03T03:16:38.446+0000] {logging_mixin.py:188} INFO -   → Relações inseridas: 3500
[2025-12-03T03:16:38.487+0000] {logging_mixin.py:188} INFO -   → Relações inseridas: 4000
[2025-12-03T03:16:38.528+0000] {logging_mixin.py:188} INFO -   → Relações inseridas: 4500
[2025-12-03T03:16:38.587+0000] {logging_mixin.py:188} INFO -   → Relações inseridas: 5000
[2025-12-03T03:16:38.624+0000] {logging_mixin.py:188} INFO -   → Relações inseridas: 5500
[2025-12-03T03:16:38.667+0000] {logging_mixin.py:188} INFO -   → Relações inseridas: 6000
[2025-12-03T03:16:38.700+0000] {logging_mixin.py:188} INFO -   → Relações inseridas: 6500
[2025-12-03T03:16:38.736+0000] {logging_mixin.py:188} INFO -   → Relações inseridas: 7000
[2025-12-03T03:16:38.785+0000] {logging_mixin.py:188} INFO -   → Relações inseridas: 7500
[2025-12-03T03:16:38.831+0000] {logging_mixin.py:188} INFO -   → Relações inseridas: 8000
[2025-12-03T03:16:38.946+0000] {logging_mixin.py:188} INFO -   → Relações inseridas: 8500
[2025-12-03T03:16:38.985+0000] {logging_mixin.py:188} INFO -   → Relações inseridas: 9000
[2025-12-03T03:16:39.021+0000] {logging_mixin.py:188} INFO -   → Relações inseridas: 9500
[2025-12-03T03:16:39.091+0000] {logging_mixin.py:188} INFO -   → Relações inseridas: 10000
[2025-12-03T03:16:39.204+0000] {logging_mixin.py:188} INFO -   → Relações inseridas: 10500
[2025-12-03T03:16:39.278+0000] {logging_mixin.py:188} INFO -   → Relações inseridas: 11000
[2025-12-03T03:16:39.349+0000] {logging_mixin.py:188} INFO -   → Relações inseridas: 11500
[2025-12-03T03:16:39.387+0000] {logging_mixin.py:188} INFO -   → Relações inseridas: 12000
[2025-12-03T03:16:39.455+0000] {logging_mixin.py:188} INFO -   → Relações inseridas: 12500
[2025-12-03T03:16:39.515+0000] {logging_mixin.py:188} INFO -   → Relações inseridas: 13000
[2025-12-03T03:16:39.615+0000] {logging_mixin.py:188} INFO -   → Relações inseridas: 13500
[2025-12-03T03:16:39.674+0000] {logging_mixin.py:188} INFO -   → Relações inseridas: 14000
[2025-12-03T03:16:39.746+0000] {logging_mixin.py:188} INFO -   → Relações inseridas: 14500
[2025-12-03T03:16:39.812+0000] {logging_mixin.py:188} INFO -   → Relações inseridas: 14795
[2025-12-03T03:16:39.813+0000] {logging_mixin.py:188} INFO - ✔ seed_relacoes: Finalizado. Inseridas 14795 relações usuário-música.
[2025-12-03T03:16:39.813+0000] {python.py:201} INFO - Done. Returned value was: None
[2025-12-03T03:16:39.834+0000] {taskinstance.py:1138} INFO - Marking task as SUCCESS. dag_id=seed_sitemusica_v2, task_id=seed_relacoes, execution_date=20251203T024138, start_date=20251203T031637, end_date=20251203T031639
[2025-12-03T03:16:39.945+0000] {local_task_job_runner.py:234} INFO - Task exited with return code 0
[2025-12-03T03:16:40.076+0000] {taskinstance.py:3280} INFO - 1 downstream tasks scheduled from follow-on schedule check
