[2025-12-03T01:43:06.079+0000] {taskinstance.py:1956} INFO - Dependencies all met for dep_context=non-requeueable deps ti=<TaskInstance: seed_sitemusica_v2.seed_usuarios manual__2025-12-03T01:21:00.076968+00:00 [queued]>
[2025-12-03T01:43:06.108+0000] {taskinstance.py:1956} INFO - Dependencies all met for dep_context=requeueable deps ti=<TaskInstance: seed_sitemusica_v2.seed_usuarios manual__2025-12-03T01:21:00.076968+00:00 [queued]>
[2025-12-03T01:43:06.109+0000] {taskinstance.py:2170} INFO - Starting attempt 2 of 2
[2025-12-03T01:43:06.153+0000] {taskinstance.py:2191} INFO - Executing <Task(PythonOperator): seed_usuarios> on 2025-12-03 01:21:00.076968+00:00
[2025-12-03T01:43:06.164+0000] {standard_task_runner.py:60} INFO - Started process 67 to run task
[2025-12-03T01:43:06.172+0000] {standard_task_runner.py:87} INFO - Running: ['airflow', 'tasks', 'run', 'seed_sitemusica_v2', 'seed_usuarios', 'manual__2025-12-03T01:21:00.076968+00:00', '--job-id', '24', '--raw', '--subdir', 'DAGS_FOLDER/seed_sitemusica.py', '--cfg-path', '/tmp/tmpdtgdlpd5']
[2025-12-03T01:43:06.174+0000] {standard_task_runner.py:88} INFO - Job 24: Subtask seed_usuarios
[2025-12-03T01:43:06.175+0000] {taskinstance.py:1946} INFO - Dependencies not met for <TaskInstance: seed_sitemusica_v2.seed_usuarios manual__2025-12-03T01:21:00.076968+00:00 [running]>, dependency 'Task Instance Not Running' FAILED: Task is in the running state
[2025-12-03T01:43:06.176+0000] {taskinstance.py:1946} INFO - Dependencies not met for <TaskInstance: seed_sitemusica_v2.seed_usuarios manual__2025-12-03T01:21:00.076968+00:00 [running]>, dependency 'Task Instance State' FAILED: Task is in the 'running' state.
[2025-12-03T01:43:06.178+0000] {local_task_job_runner.py:160} INFO - Task is not able to be run
[2025-12-03T01:43:06.321+0000] {task_command.py:423} INFO - Running <TaskInstance: seed_sitemusica_v2.seed_usuarios manual__2025-12-03T01:21:00.076968+00:00 [running]> on host 6ad858a5d454
[2025-12-03T01:43:06.559+0000] {taskinstance.py:2480} INFO - Exporting env vars: AIRFLOW_CTX_DAG_OWNER='Gabriel' AIRFLOW_CTX_DAG_ID='seed_sitemusica_v2' AIRFLOW_CTX_TASK_ID='seed_usuarios' AIRFLOW_CTX_EXECUTION_DATE='2025-12-03T01:21:00.076968+00:00' AIRFLOW_CTX_TRY_NUMBER='2' AIRFLOW_CTX_DAG_RUN_ID='manual__2025-12-03T01:21:00.076968+00:00'
[2025-12-03T01:43:06.561+0000] {logging_mixin.py:188} INFO - 🔌 seed_usuarios: Conectando ao banco MySQL...
[2025-12-03T01:43:07.212+0000] {logging_mixin.py:188} INFO -   → Inseridos usuários: 500/1000
[2025-12-03T01:43:07.663+0000] {logging_mixin.py:188} INFO -   → Inseridos usuários: 1000/1000
[2025-12-03T01:43:07.665+0000] {logging_mixin.py:188} INFO - ✔ seed_usuarios: Finalizado. Inseridos 1000 usuários.
[2025-12-03T01:43:07.667+0000] {python.py:201} INFO - Done. Returned value was: None
[2025-12-03T01:43:07.695+0000] {taskinstance.py:1138} INFO - Marking task as SUCCESS. dag_id=seed_sitemusica_v2, task_id=seed_usuarios, execution_date=20251203T012100, start_date=20251203T014306, end_date=20251203T014307
[2025-12-03T01:43:07.749+0000] {local_task_job_runner.py:234} INFO - Task exited with return code 0
[2025-12-03T01:43:07.818+0000] {taskinstance.py:3280} INFO - 1 downstream tasks scheduled from follow-on schedule check
