[2025-12-03T03:16:47.023+0000] {taskinstance.py:1956} INFO - Dependencies all met for dep_context=non-requeueable deps ti=<TaskInstance: seed_sitemusica_v2.seed_amizades manual__2025-12-03T02:41:38.415164+00:00 [queued]>
[2025-12-03T03:16:47.061+0000] {taskinstance.py:1956} INFO - Dependencies all met for dep_context=requeueable deps ti=<TaskInstance: seed_sitemusica_v2.seed_amizades manual__2025-12-03T02:41:38.415164+00:00 [queued]>
[2025-12-03T03:16:47.062+0000] {taskinstance.py:2170} INFO - Starting attempt 1 of 2
[2025-12-03T03:16:47.144+0000] {taskinstance.py:2191} INFO - Executing <Task(PythonOperator): seed_amizades> on 2025-12-03 02:41:38.415164+00:00
[2025-12-03T03:16:47.162+0000] {standard_task_runner.py:60} INFO - Started process 86 to run task
[2025-12-03T03:16:47.173+0000] {standard_task_runner.py:87} INFO - Running: ['airflow', 'tasks', 'run', 'seed_sitemusica_v2', 'seed_amizades', 'manual__2025-12-03T02:41:38.415164+00:00', '--job-id', '56', '--raw', '--subdir', 'DAGS_FOLDER/seed_sitemusica.py', '--cfg-path', '/tmp/tmp_qfb60jz']
[2025-12-03T03:16:47.175+0000] {standard_task_runner.py:88} INFO - Job 56: Subtask seed_amizades
[2025-12-03T03:16:47.308+0000] {task_command.py:423} INFO - Running <TaskInstance: seed_sitemusica_v2.seed_amizades manual__2025-12-03T02:41:38.415164+00:00 [running]> on host 4e6f56080238
[2025-12-03T03:16:47.608+0000] {taskinstance.py:2480} INFO - Exporting env vars: AIRFLOW_CTX_DAG_OWNER='Gabriel' AIRFLOW_CTX_DAG_ID='seed_sitemusica_v2' AIRFLOW_CTX_TASK_ID='seed_amizades' AIRFLOW_CTX_EXECUTION_DATE='2025-12-03T02:41:38.415164+00:00' AIRFLOW_CTX_TRY_NUMBER='1' AIRFLOW_CTX_DAG_RUN_ID='manual__2025-12-03T02:41:38.415164+00:00'
[2025-12-03T03:16:47.611+0000] {logging_mixin.py:188} INFO - 🔌 seed_amizades: Conectando ao banco MySQL...
[2025-12-03T03:16:47.754+0000] {logging_mixin.py:188} INFO -   → Amizades inseridas: 500
[2025-12-03T03:16:47.809+0000] {logging_mixin.py:188} INFO -   → Amizades inseridas: 1000
[2025-12-03T03:16:47.851+0000] {logging_mixin.py:188} INFO -   → Amizades inseridas: 1500
[2025-12-03T03:16:47.892+0000] {logging_mixin.py:188} INFO -   → Amizades inseridas: 2000
[2025-12-03T03:16:47.932+0000] {logging_mixin.py:188} INFO -   → Amizades inseridas: 2500
[2025-12-03T03:16:47.965+0000] {logging_mixin.py:188} INFO -   → Amizades inseridas: 3000
[2025-12-03T03:16:48.010+0000] {logging_mixin.py:188} INFO -   → Amizades inseridas: 3500
[2025-12-03T03:16:48.052+0000] {logging_mixin.py:188} INFO -   → Amizades inseridas: 4000
[2025-12-03T03:16:48.126+0000] {logging_mixin.py:188} INFO -   → Amizades inseridas: 4500
[2025-12-03T03:16:48.187+0000] {logging_mixin.py:188} INFO -   → Amizades inseridas: 5000
[2025-12-03T03:16:48.230+0000] {logging_mixin.py:188} INFO -   → Amizades inseridas: 5500
[2025-12-03T03:16:48.270+0000] {logging_mixin.py:188} INFO -   → Amizades inseridas: 6000
[2025-12-03T03:16:48.312+0000] {logging_mixin.py:188} INFO -   → Amizades inseridas: 6500
[2025-12-03T03:16:48.353+0000] {logging_mixin.py:188} INFO -   → Amizades inseridas: 7000
[2025-12-03T03:16:48.389+0000] {logging_mixin.py:188} INFO -   → Amizades inseridas: 7500
[2025-12-03T03:16:48.424+0000] {logging_mixin.py:188} INFO -   → Amizades inseridas: 8000
[2025-12-03T03:16:48.465+0000] {logging_mixin.py:188} INFO -   → Amizades inseridas: 8500
[2025-12-03T03:16:48.513+0000] {logging_mixin.py:188} INFO -   → Amizades inseridas: 9000
[2025-12-03T03:16:48.568+0000] {logging_mixin.py:188} INFO -   → Amizades inseridas: 9500
[2025-12-03T03:16:48.629+0000] {logging_mixin.py:188} INFO -   → Amizades inseridas: 10000
[2025-12-03T03:16:48.674+0000] {logging_mixin.py:188} INFO -   → Amizades inseridas: 10500
[2025-12-03T03:16:48.717+0000] {logging_mixin.py:188} INFO -   → Amizades inseridas: 11000
[2025-12-03T03:16:48.764+0000] {logging_mixin.py:188} INFO -   → Amizades inseridas: 11500
[2025-12-03T03:16:48.819+0000] {logging_mixin.py:188} INFO -   → Amizades inseridas: 12000
[2025-12-03T03:16:48.863+0000] {logging_mixin.py:188} INFO -   → Amizades inseridas: 12500
[2025-12-03T03:16:48.924+0000] {logging_mixin.py:188} INFO -   → Amizades inseridas: 13000
[2025-12-03T03:16:49.011+0000] {logging_mixin.py:188} INFO -   → Amizades inseridas: 13500
[2025-12-03T03:16:49.084+0000] {logging_mixin.py:188} INFO -   → Amizades inseridas: 14000
[2025-12-03T03:16:49.162+0000] {logging_mixin.py:188} INFO -   → Amizades inseridas: 14500
[2025-12-03T03:16:49.212+0000] {logging_mixin.py:188} INFO -   → Amizades inseridas: 15000
[2025-12-03T03:16:49.261+0000] {logging_mixin.py:188} INFO -   → Amizades inseridas: 15500
[2025-12-03T03:16:49.292+0000] {logging_mixin.py:188} INFO -   → Amizades inseridas: 16000
[2025-12-03T03:16:49.323+0000] {logging_mixin.py:188} INFO -   → Amizades inseridas: 16500
[2025-12-03T03:16:49.365+0000] {logging_mixin.py:188} INFO -   → Amizades inseridas: 17000
[2025-12-03T03:16:49.409+0000] {logging_mixin.py:188} INFO -   → Amizades inseridas: 17500
[2025-12-03T03:16:49.453+0000] {logging_mixin.py:188} INFO -   → Amizades inseridas: 18000
[2025-12-03T03:16:49.507+0000] {logging_mixin.py:188} INFO -   → Amizades inseridas: 18500
[2025-12-03T03:16:49.565+0000] {logging_mixin.py:188} INFO -   → Amizades inseridas: 19000
[2025-12-03T03:16:49.623+0000] {logging_mixin.py:188} INFO -   → Amizades inseridas: 19500
[2025-12-03T03:16:49.666+0000] {logging_mixin.py:188} INFO -   → Amizades inseridas: 20000
[2025-12-03T03:16:49.728+0000] {logging_mixin.py:188} INFO -   → Amizades inseridas: 20500
[2025-12-03T03:16:49.774+0000] {logging_mixin.py:188} INFO -   → Amizades inseridas: 21000
[2025-12-03T03:16:49.845+0000] {logging_mixin.py:188} INFO -   → Amizades inseridas: 21500
[2025-12-03T03:16:49.891+0000] {logging_mixin.py:188} INFO -   → Amizades inseridas: 22000
[2025-12-03T03:16:49.959+0000] {logging_mixin.py:188} INFO -   → Amizades inseridas: 22500
[2025-12-03T03:16:50.002+0000] {logging_mixin.py:188} INFO -   → Amizades inseridas: 23000
[2025-12-03T03:16:50.048+0000] {logging_mixin.py:188} INFO -   → Amizades inseridas: 23500
[2025-12-03T03:16:50.091+0000] {logging_mixin.py:188} INFO -   → Amizades inseridas: 24000
[2025-12-03T03:16:50.132+0000] {logging_mixin.py:188} INFO -   → Amizades inseridas: 24500
[2025-12-03T03:16:50.166+0000] {logging_mixin.py:188} INFO -   → Amizades inseridas: 25000
[2025-12-03T03:16:50.204+0000] {logging_mixin.py:188} INFO -   → Amizades inseridas: 25500
[2025-12-03T03:16:50.267+0000] {logging_mixin.py:188} INFO -   → Amizades inseridas: 26000
[2025-12-03T03:16:50.304+0000] {logging_mixin.py:188} INFO -   → Amizades inseridas: 26500
[2025-12-03T03:16:50.341+0000] {logging_mixin.py:188} INFO -   → Amizades inseridas: 27000
[2025-12-03T03:16:50.383+0000] {logging_mixin.py:188} INFO -   → Amizades inseridas: 27500
[2025-12-03T03:16:50.430+0000] {logging_mixin.py:188} INFO -   → Amizades inseridas: 28000
[2025-12-03T03:16:50.483+0000] {logging_mixin.py:188} INFO -   → Amizades inseridas: 28500
[2025-12-03T03:16:50.541+0000] {logging_mixin.py:188} INFO -   → Amizades inseridas: 29000
[2025-12-03T03:16:50.594+0000] {logging_mixin.py:188} INFO -   → Amizades inseridas: 29500
[2025-12-03T03:16:50.672+0000] {logging_mixin.py:188} INFO -   → Amizades inseridas: 30000
[2025-12-03T03:16:50.686+0000] {logging_mixin.py:188} INFO -   → Amizades inseridas: 30132
[2025-12-03T03:16:50.687+0000] {logging_mixin.py:188} INFO - ✔ seed_amizades: Finalizado. Inseridas 30132 amizades.
[2025-12-03T03:16:50.688+0000] {python.py:201} INFO - Done. Returned value was: None
[2025-12-03T03:16:50.710+0000] {taskinstance.py:1138} INFO - Marking task as SUCCESS. dag_id=seed_sitemusica_v2, task_id=seed_amizades, execution_date=20251203T024138, start_date=20251203T031647, end_date=20251203T031650
[2025-12-03T03:16:50.798+0000] {local_task_job_runner.py:234} INFO - Task exited with return code 0
[2025-12-03T03:16:50.846+0000] {taskinstance.py:3280} INFO - 0 downstream tasks scheduled from follow-on schedule check
